0 info it worked if it ends with ok
1 verbose cli [ 'C:\\Program Files\\nodejs\\node.exe',
1 verbose cli   'C:\\Program Files\\nodejs\\node_modules\\npm\\bin\\npm-cli.js',
1 verbose cli   'install' ]
2 info using npm@3.10.10
3 info using node@v6.10.1
4 silly loadCurrentTree Starting
5 silly install loadCurrentTree
6 silly install readLocalPackageData
7 silly install normalizeTree
8 silly loadCurrentTree Finishing
9 silly loadIdealTree Starting
10 silly install loadIdealTree
11 silly cloneCurrentTree Starting
12 silly install cloneCurrentTreeToIdealTree
13 silly cloneCurrentTree Finishing
14 silly loadShrinkwrap Starting
15 silly install loadShrinkwrap
16 silly loadShrinkwrap Finishing
17 silly loadAllDepsIntoIdealTree Starting
18 silly install loadAllDepsIntoIdealTree
19 silly fetchNamedPackageData fsevents
20 silly mapToRegistry name fsevents
21 silly mapToRegistry using default registry
22 silly mapToRegistry registry https://registry.npmjs.org/
23 silly mapToRegistry data Result {
23 silly mapToRegistry   raw: 'fsevents',
23 silly mapToRegistry   scope: null,
23 silly mapToRegistry   escapedName: 'fsevents',
23 silly mapToRegistry   name: 'fsevents',
23 silly mapToRegistry   rawSpec: '',
23 silly mapToRegistry   spec: 'latest',
23 silly mapToRegistry   type: 'tag' }
24 silly mapToRegistry uri https://registry.npmjs.org/fsevents
25 verbose request uri https://registry.npmjs.org/fsevents
26 verbose request no auth needed
27 info attempt registry request try #1 at 00:44:25
28 verbose request id 2e34ad6c6cb1597f
29 verbose etag W/"591c7655-d5f5"
30 verbose lastModified Wed, 17 May 2017 16:12:05 GMT
31 http request GET https://registry.npmjs.org/fsevents
32 http 304 https://registry.npmjs.org/fsevents
33 verbose headers { date: 'Sat, 20 May 2017 22:44:25 GMT',
33 verbose headers   via: '1.1 varnish',
33 verbose headers   'cache-control': 'max-age=300',
33 verbose headers   etag: 'W/"591c7655-d5f5"',
33 verbose headers   age: '124',
33 verbose headers   connection: 'keep-alive',
33 verbose headers   'x-served-by': 'cache-fra1248-FRA',
33 verbose headers   'x-cache': 'HIT',
33 verbose headers   'x-cache-hits': '3',
33 verbose headers   'x-timer': 'S1495320266.851466,VS0,VE0',
33 verbose headers   vary: 'Accept-Encoding' }
34 silly get cb [ 304,
34 silly get   { date: 'Sat, 20 May 2017 22:44:25 GMT',
34 silly get     via: '1.1 varnish',
34 silly get     'cache-control': 'max-age=300',
34 silly get     etag: 'W/"591c7655-d5f5"',
34 silly get     age: '124',
34 silly get     connection: 'keep-alive',
34 silly get     'x-served-by': 'cache-fra1248-FRA',
34 silly get     'x-cache': 'HIT',
34 silly get     'x-cache-hits': '3',
34 silly get     'x-timer': 'S1495320266.851466,VS0,VE0',
34 silly get     vary: 'Accept-Encoding' } ]
35 verbose etag https://registry.npmjs.org/fsevents from cache
36 verbose get saving fsevents to C:\Users\Malwina\AppData\Roaming\npm-cache\registry.npmjs.org\fsevents\.cache.json
37 verbose correctMkdir C:\Users\Malwina\AppData\Roaming\npm-cache correctMkdir not in flight; initializing
38 silly resolveWithNewModule fsevents@1.1.1 checking installable status
39 silly loadAllDepsIntoIdealTree Finishing
40 silly loadIdealTree Finishing
41 silly currentTree newsfeed-system@0.3.0
41 silly currentTree +-- @angular/common@2.3.0
41 silly currentTree +-- @angular/compiler@2.3.0
41 silly currentTree +-- @angular/core@2.3.0
41 silly currentTree +-- @angular/forms@2.3.0
41 silly currentTree +-- @angular/http@2.3.0
41 silly currentTree +-- @angular/platform-browser-dynamic@2.3.0
41 silly currentTree +-- @angular/platform-browser@2.3.0
41 silly currentTree +-- @angular/router@3.3.0
41 silly currentTree +-- abbrev@1.1.0
41 silly currentTree +-- accepts@1.3.3
41 silly currentTree +-- acorn-dynamic-import@2.0.2
41 silly currentTree | `-- acorn@4.0.11
41 silly currentTree +-- acorn-jsx@3.0.1
41 silly currentTree | `-- acorn@3.3.0
41 silly currentTree +-- acorn@5.0.3
41 silly currentTree +-- agent-base@2.0.1
41 silly currentTree | `-- semver@5.0.3
41 silly currentTree +-- ajv-keywords@1.5.1
41 silly currentTree +-- ajv@4.11.8
41 silly currentTree +-- align-text@0.1.4
41 silly currentTree +-- amdefine@1.0.1
41 silly currentTree +-- angular2-template-loader@0.6.0
41 silly currentTree +-- ansi-align@1.1.0
41 silly currentTree +-- ansi-escapes@1.4.0
41 silly currentTree +-- ansi-regex@2.1.1
41 silly currentTree +-- ansi-styles@2.2.1
41 silly currentTree +-- any-promise@1.3.0
41 silly currentTree +-- anymatch@1.3.0
41 silly currentTree +-- aproba@1.1.1
41 silly currentTree +-- archy@1.0.0
41 silly currentTree +-- are-we-there-yet@1.1.4
41 silly currentTree +-- argparse@1.0.9
41 silly currentTree +-- arr-diff@2.0.0
41 silly currentTree +-- arr-flatten@1.0.3
41 silly currentTree +-- array-find-index@1.0.2
41 silly currentTree +-- array-flatten@1.1.1
41 silly currentTree +-- array-union@1.0.2
41 silly currentTree +-- array-uniq@1.0.3
41 silly currentTree +-- array-unique@0.2.1
41 silly currentTree +-- arrify@1.0.1
41 silly currentTree +-- asn1.js@4.9.1
41 silly currentTree +-- asn1@0.2.3
41 silly currentTree +-- assert-plus@0.2.0
41 silly currentTree +-- assert@1.4.1
41 silly currentTree +-- async-each@1.0.1
41 silly currentTree +-- async-foreach@0.1.3
41 silly currentTree +-- async@2.4.0
41 silly currentTree +-- asynckit@0.4.0
41 silly currentTree +-- aws-sign2@0.6.0
41 silly currentTree +-- aws4@1.6.0
41 silly currentTree +-- babel-code-frame@6.22.0
41 silly currentTree +-- babel-eslint@7.2.3
41 silly currentTree +-- babel-messages@6.23.0
41 silly currentTree +-- babel-runtime@6.23.0
41 silly currentTree +-- babel-traverse@6.24.1
41 silly currentTree +-- babel-types@6.24.1
41 silly currentTree +-- babylon@6.17.1
41 silly currentTree +-- balanced-match@0.4.2
41 silly currentTree +-- base64-js@1.2.0
41 silly currentTree +-- batch@0.5.3
41 silly currentTree +-- bcrypt-pbkdf@1.0.1
41 silly currentTree +-- big.js@3.1.3
41 silly currentTree +-- binary-extensions@1.8.0
41 silly currentTree +-- block-stream@0.0.9
41 silly currentTree +-- bluebird@3.5.0
41 silly currentTree +-- bn.js@4.11.6
41 silly currentTree +-- boolbase@1.0.0
41 silly currentTree +-- boom@2.10.1
41 silly currentTree +-- bootstrap@4.0.0-alpha.6
41 silly currentTree +-- boxen@0.6.0
41 silly currentTree +-- brace-expansion@1.1.7
41 silly currentTree +-- braces@1.8.5
41 silly currentTree +-- brorand@1.1.0
41 silly currentTree +-- browserify-aes@1.0.6
41 silly currentTree +-- browserify-cipher@1.0.0
41 silly currentTree +-- browserify-des@1.0.0
41 silly currentTree +-- browserify-rsa@4.0.1
41 silly currentTree +-- browserify-sign@4.0.4
41 silly currentTree +-- browserify-zlib@0.1.4
41 silly currentTree +-- buffer-shims@1.0.0
41 silly currentTree +-- buffer-xor@1.0.3
41 silly currentTree +-- buffer@4.9.1
41 silly currentTree +-- builtin-modules@1.1.1
41 silly currentTree +-- builtin-status-codes@3.0.0
41 silly currentTree +-- bytes@2.3.0
41 silly currentTree +-- caller-path@0.1.0
41 silly currentTree +-- callsites@0.2.0
41 silly currentTree +-- camel-case@3.0.0
41 silly currentTree +-- camelcase-keys@2.1.0
41 silly currentTree +-- camelcase@2.1.1
41 silly currentTree +-- capture-stack-trace@1.0.0
41 silly currentTree +-- caseless@0.12.0
41 silly currentTree +-- center-align@0.1.3
41 silly currentTree +-- chalk@1.1.3
41 silly currentTree +-- chokidar@1.7.0
41 silly currentTree +-- cipher-base@1.0.3
41 silly currentTree +-- circular-json@0.3.1
41 silly currentTree +-- clean-css@4.1.3
41 silly currentTree +-- cli-boxes@1.0.0
41 silly currentTree +-- cli-cursor@1.0.2
41 silly currentTree +-- cli-truncate@0.2.1
41 silly currentTree +-- cli-width@2.1.0
41 silly currentTree +-- cliui@3.2.0
41 silly currentTree +-- clone-deep@0.2.4
41 silly currentTree +-- clone@1.0.2
41 silly currentTree +-- co@4.6.0
41 silly currentTree +-- code-point-at@1.1.0
41 silly currentTree +-- colors@1.1.2
41 silly currentTree +-- columnify@1.5.4
41 silly currentTree +-- combined-stream@1.0.5
41 silly currentTree +-- commander@2.9.0
41 silly currentTree +-- commondir@1.0.1
41 silly currentTree +-- compressible@2.0.10
41 silly currentTree +-- compression@1.6.2
41 silly currentTree | +-- debug@2.2.0
41 silly currentTree | `-- ms@0.7.1
41 silly currentTree +-- concat-map@0.0.1
41 silly currentTree +-- concat-stream@1.6.0
41 silly currentTree +-- configstore@3.1.0
41 silly currentTree +-- connect-history-api-fallback@1.3.0
41 silly currentTree +-- console-browserify@1.1.0
41 silly currentTree +-- console-control-strings@1.1.0
41 silly currentTree +-- constants-browserify@1.0.0
41 silly currentTree +-- content-disposition@0.5.2
41 silly currentTree +-- content-type@1.0.2
41 silly currentTree +-- cookie-signature@1.0.6
41 silly currentTree +-- cookie@0.3.1
41 silly currentTree +-- core-js@2.4.1
41 silly currentTree +-- core-util-is@1.0.2
41 silly currentTree +-- create-ecdh@4.0.0
41 silly currentTree +-- create-error-class@3.0.2
41 silly currentTree +-- create-hash@1.1.3
41 silly currentTree +-- create-hmac@1.1.6
41 silly currentTree +-- cross-env@3.1.3
41 silly currentTree +-- cross-spawn@3.0.1
41 silly currentTree +-- cryptiles@2.0.5
41 silly currentTree +-- crypto-browserify@3.11.0
41 silly currentTree +-- crypto-random-string@1.0.0
41 silly currentTree +-- css-select@1.2.0
41 silly currentTree +-- css-what@2.1.0
41 silly currentTree +-- currently-unhandled@0.4.1
41 silly currentTree +-- d@1.0.0
41 silly currentTree +-- dashdash@1.14.1
41 silly currentTree | `-- assert-plus@1.0.0
41 silly currentTree +-- date-now@0.1.4
41 silly currentTree +-- debug@2.6.8
41 silly currentTree +-- decamelize@1.2.0
41 silly currentTree +-- deep-extend@0.4.2
41 silly currentTree +-- deep-is@0.1.3
41 silly currentTree +-- defaults@1.0.3
41 silly currentTree +-- del@2.2.2
41 silly currentTree +-- delayed-stream@1.0.0
41 silly currentTree +-- delegates@1.0.0
41 silly currentTree +-- depd@1.1.0
41 silly currentTree +-- des.js@1.0.0
41 silly currentTree +-- destroy@1.0.4
41 silly currentTree +-- detect-indent@5.0.0
41 silly currentTree +-- diffie-hellman@5.0.2
41 silly currentTree +-- doctrine@2.0.0
41 silly currentTree +-- dom-converter@0.1.4
41 silly currentTree | `-- utila@0.3.3
41 silly currentTree +-- dom-serializer@0.1.0
41 silly currentTree | `-- domelementtype@1.1.3
41 silly currentTree +-- domain-browser@1.1.7
41 silly currentTree +-- domelementtype@1.3.0
41 silly currentTree +-- domhandler@2.1.0
41 silly currentTree +-- domutils@1.5.1
41 silly currentTree +-- dot-prop@4.1.1
41 silly currentTree +-- duplexer2@0.1.4
41 silly currentTree +-- ecc-jsbn@0.1.1
41 silly currentTree +-- ee-first@1.1.1
41 silly currentTree +-- elegant-spinner@1.0.1
41 silly currentTree +-- elliptic@6.4.0
41 silly currentTree +-- emojis-list@2.1.0
41 silly currentTree +-- encodeurl@1.0.1
41 silly currentTree +-- enhanced-resolve@0.9.1
41 silly currentTree +-- entities@1.1.1
41 silly currentTree +-- errno@0.1.4
41 silly currentTree +-- error-ex@1.3.1
41 silly currentTree +-- es5-ext@0.10.20
41 silly currentTree +-- es6-iterator@2.0.1
41 silly currentTree +-- es6-map@0.1.5
41 silly currentTree +-- es6-set@0.1.5
41 silly currentTree +-- es6-symbol@3.1.1
41 silly currentTree +-- es6-weak-map@2.0.2
41 silly currentTree +-- escape-html@1.0.3
41 silly currentTree +-- escape-string-regexp@1.0.5
41 silly currentTree +-- escope@3.6.0
41 silly currentTree +-- eslint-loader@1.7.1
41 silly currentTree | `-- loader-utils@1.1.0
41 silly currentTree +-- eslint@3.19.0
41 silly currentTree +-- espree@3.4.3
41 silly currentTree +-- esprima@3.1.3
41 silly currentTree +-- esquery@1.0.0
41 silly currentTree +-- esrecurse@4.1.0
41 silly currentTree | `-- estraverse@4.1.1
41 silly currentTree +-- estraverse@4.2.0
41 silly currentTree +-- esutils@2.0.2
41 silly currentTree +-- etag@1.8.0
41 silly currentTree +-- event-emitter@0.3.5
41 silly currentTree +-- eventemitter3@1.2.0
41 silly currentTree +-- events@1.1.1
41 silly currentTree +-- eventsource@0.1.6
41 silly currentTree +-- evp_bytestokey@1.0.0
41 silly currentTree +-- exit-hook@1.1.1
41 silly currentTree +-- expand-brackets@0.1.5
41 silly currentTree +-- expand-range@1.8.2
41 silly currentTree +-- express@4.15.3
41 silly currentTree | `-- debug@2.6.7
41 silly currentTree +-- extend@3.0.1
41 silly currentTree +-- extglob@0.3.2
41 silly currentTree +-- extsprintf@1.0.2
41 silly currentTree +-- fast-levenshtein@2.0.6
41 silly currentTree +-- faye-websocket@0.10.0
41 silly currentTree +-- figures@1.7.0
41 silly currentTree +-- file-entry-cache@2.0.0
41 silly currentTree +-- filename-regex@2.0.1
41 silly currentTree +-- fill-range@2.2.3
41 silly currentTree | `-- isobject@2.1.0
41 silly currentTree +-- filled-array@1.1.0
41 silly currentTree +-- finalhandler@1.0.3
41 silly currentTree | `-- debug@2.6.7
41 silly currentTree +-- find-cache-dir@0.1.1
41 silly currentTree +-- find-up@1.1.2
41 silly currentTree +-- flat-cache@1.2.2
41 silly currentTree +-- for-in@1.0.2
41 silly currentTree +-- for-own@0.1.5
41 silly currentTree +-- forever-agent@0.6.1
41 silly currentTree +-- form-data@2.1.4
41 silly currentTree +-- forwarded@0.1.0
41 silly currentTree +-- fresh@0.5.0
41 silly currentTree +-- fs.realpath@1.0.0
41 silly currentTree +-- fstream@1.0.11
41 silly currentTree +-- function-bind@1.1.0
41 silly currentTree +-- gauge@2.7.4
41 silly currentTree +-- gaze@1.1.2
41 silly currentTree +-- generate-function@2.0.0
41 silly currentTree +-- generate-object-property@1.2.0
41 silly currentTree +-- get-caller-file@1.0.2
41 silly currentTree +-- get-stdin@4.0.1
41 silly currentTree +-- getpass@0.1.7
41 silly currentTree | `-- assert-plus@1.0.0
41 silly currentTree +-- glob-base@0.3.0
41 silly currentTree +-- glob-parent@2.0.0
41 silly currentTree +-- glob@7.1.2
41 silly currentTree +-- globals@9.17.0
41 silly currentTree +-- globby@5.0.0
41 silly currentTree +-- globule@1.1.0
41 silly currentTree | `-- lodash@4.16.6
41 silly currentTree +-- got@5.7.1
41 silly currentTree +-- graceful-fs@4.1.11
41 silly currentTree +-- graceful-readlink@1.0.1
41 silly currentTree +-- har-schema@1.0.5
41 silly currentTree +-- har-validator@4.2.1
41 silly currentTree +-- has-ansi@2.0.0
41 silly currentTree +-- has-flag@1.0.0
41 silly currentTree +-- has-unicode@2.0.1
41 silly currentTree +-- has@1.0.1
41 silly currentTree +-- hash-base@2.0.2
41 silly currentTree +-- hash.js@1.0.3
41 silly currentTree +-- hawk@3.1.3
41 silly currentTree +-- he@1.1.1
41 silly currentTree +-- hmac-drbg@1.0.1
41 silly currentTree +-- hoek@2.16.3
41 silly currentTree +-- hosted-git-info@2.4.2
41 silly currentTree +-- html-minifier@3.5.0
41 silly currentTree +-- html-webpack-plugin@2.24.1
41 silly currentTree +-- htmlparser2@3.3.0
41 silly currentTree | +-- domutils@1.1.6
41 silly currentTree | +-- isarray@0.0.1
41 silly currentTree | +-- readable-stream@1.0.34
41 silly currentTree | `-- string_decoder@0.10.31
41 silly currentTree +-- http-errors@1.6.1
41 silly currentTree +-- http-proxy-agent@1.0.0
41 silly currentTree +-- http-proxy-middleware@0.17.4
41 silly currentTree | +-- is-extglob@2.1.1
41 silly currentTree | `-- is-glob@3.1.0
41 silly currentTree +-- http-proxy@1.16.2
41 silly currentTree +-- http-signature@1.1.1
41 silly currentTree +-- https-browserify@0.0.1
41 silly currentTree +-- https-proxy-agent@1.0.0
41 silly currentTree +-- ieee754@1.1.8
41 silly currentTree +-- ignore@3.3.3
41 silly currentTree +-- imurmurhash@0.1.4
41 silly currentTree +-- in-publish@2.0.0
41 silly currentTree +-- indent-string@2.1.0
41 silly currentTree +-- indexof@0.0.1
41 silly currentTree +-- inflight@1.0.6
41 silly currentTree +-- inherits@2.0.3
41 silly currentTree +-- ini@1.3.4
41 silly currentTree +-- inquirer@0.12.0
41 silly currentTree +-- interpret@1.0.3
41 silly currentTree +-- invariant@2.2.2
41 silly currentTree +-- invert-kv@1.0.0
41 silly currentTree +-- ipaddr.js@1.3.0
41 silly currentTree +-- is-absolute@0.2.6
41 silly currentTree +-- is-arrayish@0.2.1
41 silly currentTree +-- is-binary-path@1.0.1
41 silly currentTree +-- is-buffer@1.1.5
41 silly currentTree +-- is-builtin-module@1.0.0
41 silly currentTree +-- is-dotfile@1.0.2
41 silly currentTree +-- is-equal-shallow@0.1.3
41 silly currentTree +-- is-extendable@0.1.1
41 silly currentTree +-- is-extglob@1.0.0
41 silly currentTree +-- is-finite@1.0.2
41 silly currentTree +-- is-fullwidth-code-point@1.0.0
41 silly currentTree +-- is-glob@2.0.1
41 silly currentTree +-- is-my-json-valid@2.16.0
41 silly currentTree +-- is-npm@1.0.0
41 silly currentTree +-- is-number@2.1.0
41 silly currentTree +-- is-obj@1.0.1
41 silly currentTree +-- is-path-cwd@1.0.0
41 silly currentTree +-- is-path-in-cwd@1.0.0
41 silly currentTree +-- is-path-inside@1.0.0
41 silly currentTree +-- is-plain-obj@1.1.0
41 silly currentTree +-- is-plain-object@2.0.1
41 silly currentTree +-- is-posix-bracket@0.1.1
41 silly currentTree +-- is-primitive@2.0.0
41 silly currentTree +-- is-property@1.0.2
41 silly currentTree +-- is-redirect@1.0.0
41 silly currentTree +-- is-relative@0.2.1
41 silly currentTree +-- is-resolvable@1.0.0
41 silly currentTree +-- is-retry-allowed@1.1.0
41 silly currentTree +-- is-stream@1.1.0
41 silly currentTree +-- is-typedarray@1.0.0
41 silly currentTree +-- is-unc-path@0.1.2
41 silly currentTree +-- is-utf8@0.2.1
41 silly currentTree +-- is-windows@0.2.0
41 silly currentTree +-- isarray@1.0.0
41 silly currentTree +-- isexe@2.0.0
41 silly currentTree +-- isobject@1.0.2
41 silly currentTree +-- isstream@0.1.2
41 silly currentTree +-- jodid25519@1.0.2
41 silly currentTree +-- jquery@3.2.1
41 silly currentTree +-- js-base64@2.1.9
41 silly currentTree +-- js-tokens@3.0.1
41 silly currentTree +-- js-yaml@3.8.4
41 silly currentTree +-- jsbn@0.1.1
41 silly currentTree +-- json-loader@0.5.4
41 silly currentTree +-- json-schema@0.2.3
41 silly currentTree +-- json-stable-stringify@1.0.1
41 silly currentTree +-- json-stringify-safe@5.0.1
41 silly currentTree +-- json3@3.3.2
41 silly currentTree +-- json5@0.5.1
41 silly currentTree +-- jsonify@0.0.0
41 silly currentTree +-- jsonpointer@4.0.1
41 silly currentTree +-- jspm-config@0.3.4
41 silly currentTree +-- jsprim@1.4.0
41 silly currentTree | `-- assert-plus@1.0.0
41 silly currentTree +-- kind-of@3.2.2
41 silly currentTree +-- latest-version@2.0.0
41 silly currentTree +-- lato-font@3.0.0
41 silly currentTree +-- lazy-cache@1.0.4
41 silly currentTree +-- lazy-req@1.1.0
41 silly currentTree +-- lcid@1.0.0
41 silly currentTree +-- levn@0.3.0
41 silly currentTree +-- listify@1.0.0
41 silly currentTree +-- load-json-file@1.1.0
41 silly currentTree | `-- strip-bom@2.0.0
41 silly currentTree +-- loader-fs-cache@1.0.1
41 silly currentTree +-- loader-runner@2.3.0
41 silly currentTree +-- loader-utils@0.2.17
41 silly currentTree +-- lockfile@1.0.3
41 silly currentTree +-- lodash.assign@4.2.0
41 silly currentTree +-- lodash.clonedeep@4.5.0
41 silly currentTree +-- lodash.mergewith@4.6.0
41 silly currentTree +-- lodash.tail@4.1.1
41 silly currentTree +-- lodash@4.17.4
41 silly currentTree +-- log-update@1.0.2
41 silly currentTree +-- longest@1.0.1
41 silly currentTree +-- loose-envify@1.3.1
41 silly currentTree +-- loud-rejection@1.6.0
41 silly currentTree +-- lower-case@1.1.4
41 silly currentTree +-- lowercase-keys@1.0.0
41 silly currentTree +-- lru-cache@4.0.2
41 silly currentTree +-- make-dir@1.0.0
41 silly currentTree +-- make-error-cause@1.2.2
41 silly currentTree +-- make-error@1.2.3
41 silly currentTree +-- map-obj@1.0.1
41 silly currentTree +-- media-typer@0.3.0
41 silly currentTree +-- memory-fs@0.2.0
41 silly currentTree +-- meow@3.7.0
41 silly currentTree | `-- minimist@1.2.0
41 silly currentTree +-- merge-descriptors@1.0.1
41 silly currentTree +-- methods@1.1.2
41 silly currentTree +-- micromatch@2.3.11
41 silly currentTree +-- miller-rabin@4.0.0
41 silly currentTree +-- mime-db@1.27.0
41 silly currentTree +-- mime-types@2.1.15
41 silly currentTree +-- mime@1.3.4
41 silly currentTree +-- minimalistic-assert@1.0.0
41 silly currentTree +-- minimalistic-crypto-utils@1.0.1
41 silly currentTree +-- minimatch@3.0.4
41 silly currentTree +-- minimist@0.0.8
41 silly currentTree +-- mixin-object@2.0.1
41 silly currentTree | `-- for-in@0.1.8
41 silly currentTree +-- mkdirp@0.5.1
41 silly currentTree +-- ms@2.0.0
41 silly currentTree +-- mute-stream@0.0.5
41 silly currentTree +-- nan@2.6.2
41 silly currentTree +-- natural-compare@1.4.0
41 silly currentTree +-- ncname@1.0.0
41 silly currentTree +-- negotiator@0.6.1
41 silly currentTree +-- no-case@2.3.1
41 silly currentTree +-- node-gyp@3.6.1
41 silly currentTree +-- node-libs-browser@2.0.0
41 silly currentTree | `-- string_decoder@0.10.31
41 silly currentTree +-- node-sass@4.5.3
41 silly currentTree +-- node-status-codes@1.0.0
41 silly currentTree +-- nopt@3.0.6
41 silly currentTree +-- normalize-package-data@2.3.8
41 silly currentTree +-- normalize-path@2.1.1
41 silly currentTree +-- normalize.css@7.0.0
41 silly currentTree +-- npmlog@4.1.0
41 silly currentTree +-- nth-check@1.0.1
41 silly currentTree +-- number-is-nan@1.0.1
41 silly currentTree +-- oauth-sign@0.8.2
41 silly currentTree +-- object-assign@4.1.1
41 silly currentTree +-- object-hash@1.1.8
41 silly currentTree +-- object.omit@2.0.1
41 silly currentTree +-- object.pick@1.2.0
41 silly currentTree | `-- isobject@2.1.0
41 silly currentTree +-- on-finished@2.3.0
41 silly currentTree +-- on-headers@1.0.1
41 silly currentTree +-- once@1.4.0
41 silly currentTree +-- onetime@1.1.0
41 silly currentTree +-- open@0.0.5
41 silly currentTree +-- optimist@0.6.1
41 silly currentTree | `-- wordwrap@0.0.3
41 silly currentTree +-- optionator@0.8.2
41 silly currentTree +-- original@1.0.0
41 silly currentTree | `-- url-parse@1.0.5
41 silly currentTree +-- os-browserify@0.2.1
41 silly currentTree +-- os-homedir@1.0.2
41 silly currentTree +-- os-locale@1.4.0
41 silly currentTree +-- os-tmpdir@1.0.2
41 silly currentTree +-- osenv@0.1.4
41 silly currentTree +-- package-json@2.4.0
41 silly currentTree +-- pako@0.2.9
41 silly currentTree +-- param-case@2.1.1
41 silly currentTree +-- parse-asn1@5.1.0
41 silly currentTree +-- parse-glob@3.0.4
41 silly currentTree +-- parse-json@2.2.0
41 silly currentTree +-- parseurl@1.3.1
41 silly currentTree +-- path-browserify@0.0.0
41 silly currentTree +-- path-exists@2.1.0
41 silly currentTree +-- path-is-absolute@1.0.1
41 silly currentTree +-- path-is-inside@1.0.2
41 silly currentTree +-- path-parse@1.0.5
41 silly currentTree +-- path-to-regexp@0.1.7
41 silly currentTree +-- path-type@1.1.0
41 silly currentTree +-- pbkdf2@3.0.12
41 silly currentTree +-- performance-now@0.2.0
41 silly currentTree +-- pify@2.3.0
41 silly currentTree +-- pinkie-promise@2.0.1
41 silly currentTree +-- pinkie@2.0.4
41 silly currentTree +-- pkg-dir@1.0.0
41 silly currentTree +-- pluralize@1.2.1
41 silly currentTree +-- popsicle-proxy-agent@3.0.0
41 silly currentTree +-- popsicle-retry@3.2.1
41 silly currentTree +-- popsicle-rewrite@1.0.0
41 silly currentTree +-- popsicle-status@2.0.0
41 silly currentTree +-- popsicle@9.1.0
41 silly currentTree +-- prelude-ls@1.1.2
41 silly currentTree +-- prepend-http@1.0.4
41 silly currentTree +-- preserve@0.2.0
41 silly currentTree +-- pretty-error@2.1.0
41 silly currentTree +-- process-nextick-args@1.0.7
41 silly currentTree +-- process@0.11.10
41 silly currentTree +-- progress@1.1.8
41 silly currentTree +-- promise-finally@2.2.1
41 silly currentTree +-- proxy-addr@1.1.4
41 silly currentTree +-- prr@0.0.0
41 silly currentTree +-- pseudomap@1.0.2
41 silly currentTree +-- public-encrypt@4.0.0
41 silly currentTree +-- punycode@1.4.1
41 silly currentTree +-- qs@6.4.0
41 silly currentTree +-- querystring-es3@0.2.1
41 silly currentTree +-- querystring@0.2.0
41 silly currentTree +-- querystringify@0.0.4
41 silly currentTree +-- randomatic@1.1.6
41 silly currentTree +-- randombytes@2.0.3
41 silly currentTree +-- range-parser@1.2.0
41 silly currentTree +-- raw-loader@0.5.1
41 silly currentTree +-- rc@1.2.1
41 silly currentTree | `-- minimist@1.2.0
41 silly currentTree +-- read-all-stream@3.1.0
41 silly currentTree +-- read-pkg-up@1.0.1
41 silly currentTree +-- read-pkg@1.1.0
41 silly currentTree +-- readable-stream@2.2.9
41 silly currentTree +-- readdirp@2.1.0
41 silly currentTree +-- readline2@1.0.1
41 silly currentTree +-- rechoir@0.6.2
41 silly currentTree +-- redent@1.0.0
41 silly currentTree +-- regenerator-runtime@0.10.5
41 silly currentTree +-- regex-cache@0.4.3
41 silly currentTree +-- registry-auth-token@3.3.1
41 silly currentTree +-- registry-url@3.1.0
41 silly currentTree +-- relateurl@0.2.7
41 silly currentTree +-- remove-trailing-separator@1.0.1
41 silly currentTree +-- renderkid@2.0.1
41 silly currentTree | `-- utila@0.3.3
41 silly currentTree +-- repeat-element@1.1.2
41 silly currentTree +-- repeat-string@1.6.1
41 silly currentTree +-- repeating@2.0.1
41 silly currentTree +-- request@2.81.0
41 silly currentTree +-- require-directory@2.1.1
41 silly currentTree +-- require-main-filename@1.0.1
41 silly currentTree +-- require-uncached@1.0.3
41 silly currentTree +-- requires-port@1.0.0
41 silly currentTree +-- resolve-from@1.0.1
41 silly currentTree +-- resolve@1.3.3
41 silly currentTree +-- restore-cursor@1.0.1
41 silly currentTree +-- right-align@0.1.3
41 silly currentTree +-- rimraf@2.6.1
41 silly currentTree +-- ripemd160@2.0.1
41 silly currentTree +-- run-async@0.1.0
41 silly currentTree +-- rx-lite@3.1.2
41 silly currentTree +-- rxjs@5.0.0-rc.4
41 silly currentTree +-- safe-buffer@5.0.1
41 silly currentTree +-- sass-graph@2.2.4
41 silly currentTree +-- sass-loader@6.0.5
41 silly currentTree | `-- loader-utils@1.1.0
41 silly currentTree +-- sass-resources-loader@1.2.1
41 silly currentTree | `-- loader-utils@1.1.0
41 silly currentTree +-- scss-tokenizer@0.2.3
41 silly currentTree | `-- source-map@0.4.4
41 silly currentTree +-- semver-diff@2.1.0
41 silly currentTree +-- semver@5.3.0
41 silly currentTree +-- send@0.15.3
41 silly currentTree | `-- debug@2.6.7
41 silly currentTree +-- serve-index@1.8.0
41 silly currentTree | +-- debug@2.2.0
41 silly currentTree | +-- http-errors@1.5.1
41 silly currentTree | +-- ms@0.7.1
41 silly currentTree | `-- setprototypeof@1.0.2
41 silly currentTree +-- serve-static@1.12.3
41 silly currentTree +-- set-blocking@2.0.0
41 silly currentTree +-- set-immediate-shim@1.0.1
41 silly currentTree +-- setimmediate@1.0.5
41 silly currentTree +-- setprototypeof@1.0.3
41 silly currentTree +-- sha.js@2.4.8
41 silly currentTree +-- shallow-clone@0.1.2
41 silly currentTree | +-- kind-of@2.0.1
41 silly currentTree | `-- lazy-cache@0.2.7
41 silly currentTree +-- shelljs@0.7.7
41 silly currentTree +-- signal-exit@3.0.2
41 silly currentTree +-- slice-ansi@0.0.4
41 silly currentTree +-- slide@1.1.6
41 silly currentTree +-- sntp@1.0.9
41 silly currentTree +-- sockjs-client@1.1.4
41 silly currentTree | `-- faye-websocket@0.11.1
41 silly currentTree +-- sockjs@0.3.18
41 silly currentTree | `-- uuid@2.0.3
41 silly currentTree +-- sort-keys@1.1.2
41 silly currentTree +-- source-list-map@1.1.2
41 silly currentTree +-- source-map@0.5.6
41 silly currentTree +-- spdx-correct@1.0.2
41 silly currentTree +-- spdx-expression-parse@1.0.4
41 silly currentTree +-- spdx-license-ids@1.2.2
41 silly currentTree +-- sprintf-js@1.0.3
41 silly currentTree +-- sshpk@1.13.0
41 silly currentTree | `-- assert-plus@1.0.0
41 silly currentTree +-- statuses@1.3.1
41 silly currentTree +-- stdout-stream@1.4.0
41 silly currentTree +-- stream-browserify@2.0.1
41 silly currentTree +-- stream-cache@0.0.2
41 silly currentTree +-- stream-http@2.7.1
41 silly currentTree +-- string_decoder@1.0.1
41 silly currentTree +-- string-template@1.0.0
41 silly currentTree +-- string-width@1.0.2
41 silly currentTree +-- stringstream@0.0.5
41 silly currentTree +-- strip-ansi@3.0.1
41 silly currentTree +-- strip-bom@3.0.0
41 silly currentTree +-- strip-indent@1.0.1
41 silly currentTree +-- strip-json-comments@2.0.1
41 silly currentTree +-- style-loader@0.17.0
41 silly currentTree | `-- loader-utils@1.1.0
41 silly currentTree +-- supports-color@2.0.0
41 silly currentTree +-- symbol-observable@1.0.4
41 silly currentTree +-- table@3.8.3
41 silly currentTree | +-- is-fullwidth-code-point@2.0.0
41 silly currentTree | `-- string-width@2.0.0
41 silly currentTree +-- tapable@0.1.10
41 silly currentTree +-- tar@2.2.1
41 silly currentTree +-- tether@1.4.0
41 silly currentTree +-- text-table@0.2.0
41 silly currentTree +-- thenify@3.3.0
41 silly currentTree +-- throat@3.0.0
41 silly currentTree +-- through@2.3.8
41 silly currentTree +-- timed-out@3.1.3
41 silly currentTree +-- timers-browserify@2.0.2
41 silly currentTree +-- to-arraybuffer@1.0.1
41 silly currentTree +-- to-fast-properties@1.0.3
41 silly currentTree +-- to-string-loader@1.1.5
41 silly currentTree +-- toposort@1.0.3
41 silly currentTree +-- touch@1.0.0
41 silly currentTree | `-- nopt@1.0.10
41 silly currentTree +-- tough-cookie@2.3.2
41 silly currentTree +-- trim-newlines@1.0.0
41 silly currentTree +-- tryit@1.0.3
41 silly currentTree +-- ts-loader@1.3.0
41 silly currentTree +-- tty-browserify@0.0.0
41 silly currentTree +-- tunnel-agent@0.6.0
41 silly currentTree +-- tweetnacl@0.14.5
41 silly currentTree +-- type-check@0.3.2
41 silly currentTree +-- type-is@1.6.15
41 silly currentTree +-- typedarray@0.0.6
41 silly currentTree +-- typescript@2.1.4
41 silly currentTree +-- typings-core@2.3.3
41 silly currentTree | `-- promise-finally@3.0.0
41 silly currentTree +-- typings@2.0.0
41 silly currentTree | `-- minimist@1.2.0
41 silly currentTree +-- uglify-js@3.0.9
41 silly currentTree +-- uglify-loader@2.0.0
41 silly currentTree | `-- loader-utils@1.1.0
41 silly currentTree +-- uglify-to-browserify@1.0.2
41 silly currentTree +-- unc-path-regex@0.1.2
41 silly currentTree +-- unique-string@1.0.0
41 silly currentTree +-- unpipe@1.0.0
41 silly currentTree +-- unzip-response@1.0.2
41 silly currentTree +-- update-notifier@1.0.3
41 silly currentTree | +-- configstore@2.1.0
41 silly currentTree | +-- dot-prop@3.0.0
41 silly currentTree | +-- uuid@2.0.3
41 silly currentTree | +-- write-file-atomic@1.3.4
41 silly currentTree | `-- xdg-basedir@2.0.0
41 silly currentTree +-- upper-case@1.1.3
41 silly currentTree +-- url-parse-lax@1.0.0
41 silly currentTree +-- url-parse@1.1.9
41 silly currentTree | `-- querystringify@1.0.0
41 silly currentTree +-- url@0.11.0
41 silly currentTree | `-- punycode@1.3.2
41 silly currentTree +-- user-home@2.0.0
41 silly currentTree +-- util-deprecate@1.0.2
41 silly currentTree +-- util@0.10.3
41 silly currentTree | `-- inherits@2.0.1
41 silly currentTree +-- utila@0.4.0
41 silly currentTree +-- utils-merge@1.0.0
41 silly currentTree +-- uuid@3.0.1
41 silly currentTree +-- validate-npm-package-license@3.0.1
41 silly currentTree +-- vary@1.1.1
41 silly currentTree +-- verror@1.3.6
41 silly currentTree +-- vm-browserify@0.0.4
41 silly currentTree +-- watchpack@1.3.1
41 silly currentTree +-- wcwidth@1.0.1
41 silly currentTree +-- webpack-dev-middleware@1.10.2
41 silly currentTree | `-- memory-fs@0.4.1
41 silly currentTree +-- webpack-dev-server@1.16.2
41 silly currentTree | `-- supports-color@3.2.3
41 silly currentTree +-- webpack-sources@0.2.3
41 silly currentTree +-- webpack@2.5.1
41 silly currentTree | +-- camelcase@1.2.1
41 silly currentTree | +-- cliui@2.1.0
41 silly currentTree | +-- enhanced-resolve@3.1.0
41 silly currentTree | +-- memory-fs@0.4.1
41 silly currentTree | +-- supports-color@3.2.3
41 silly currentTree | +-- tapable@0.2.6
41 silly currentTree | +-- uglify-js@2.8.27
41 silly currentTree | | `-- yargs@3.10.0
41 silly currentTree | +-- wordwrap@0.0.2
41 silly currentTree | +-- yargs-parser@4.2.1
41 silly currentTree | | `-- camelcase@3.0.0
41 silly currentTree | `-- yargs@6.6.0
41 silly currentTree |   +-- camelcase@3.0.0
41 silly currentTree |   `-- cliui@3.2.0
41 silly currentTree +-- websocket-driver@0.6.5
41 silly currentTree +-- websocket-extensions@0.1.1
41 silly currentTree +-- which-module@1.0.0
41 silly currentTree +-- which@1.2.14
41 silly currentTree +-- wide-align@1.1.2
41 silly currentTree +-- widest-line@1.0.0
41 silly currentTree +-- window-size@0.1.0
41 silly currentTree +-- wordwrap@1.0.0
41 silly currentTree +-- wrap-ansi@2.1.0
41 silly currentTree +-- wrappy@1.0.2
41 silly currentTree +-- write-file-atomic@2.1.0
41 silly currentTree +-- write@0.2.1
41 silly currentTree +-- xdg-basedir@3.0.0
41 silly currentTree +-- xml-char-classes@1.0.0
41 silly currentTree +-- xtend@4.0.1
41 silly currentTree +-- y18n@3.2.1
41 silly currentTree +-- yallist@2.1.2
41 silly currentTree +-- yargs-parser@5.0.0
41 silly currentTree | `-- camelcase@3.0.0
41 silly currentTree +-- yargs@7.1.0
41 silly currentTree | `-- camelcase@3.0.0
41 silly currentTree +-- zip-object@0.1.0
41 silly currentTree `-- zone.js@0.7.2
42 silly idealTree newsfeed-system@0.3.0
42 silly idealTree +-- @angular/common@2.3.0
42 silly idealTree +-- @angular/compiler@2.3.0
42 silly idealTree +-- @angular/core@2.3.0
42 silly idealTree +-- @angular/forms@2.3.0
42 silly idealTree +-- @angular/http@2.3.0
42 silly idealTree +-- @angular/platform-browser-dynamic@2.3.0
42 silly idealTree +-- @angular/platform-browser@2.3.0
42 silly idealTree +-- @angular/router@3.3.0
42 silly idealTree +-- abbrev@1.1.0
42 silly idealTree +-- accepts@1.3.3
42 silly idealTree +-- acorn-dynamic-import@2.0.2
42 silly idealTree | `-- acorn@4.0.11
42 silly idealTree +-- acorn-jsx@3.0.1
42 silly idealTree | `-- acorn@3.3.0
42 silly idealTree +-- acorn@5.0.3
42 silly idealTree +-- agent-base@2.0.1
42 silly idealTree | `-- semver@5.0.3
42 silly idealTree +-- ajv-keywords@1.5.1
42 silly idealTree +-- ajv@4.11.8
42 silly idealTree +-- align-text@0.1.4
42 silly idealTree +-- amdefine@1.0.1
42 silly idealTree +-- angular2-template-loader@0.6.0
42 silly idealTree +-- ansi-align@1.1.0
42 silly idealTree +-- ansi-escapes@1.4.0
42 silly idealTree +-- ansi-regex@2.1.1
42 silly idealTree +-- ansi-styles@2.2.1
42 silly idealTree +-- any-promise@1.3.0
42 silly idealTree +-- anymatch@1.3.0
42 silly idealTree +-- aproba@1.1.1
42 silly idealTree +-- archy@1.0.0
42 silly idealTree +-- are-we-there-yet@1.1.4
42 silly idealTree +-- argparse@1.0.9
42 silly idealTree +-- arr-diff@2.0.0
42 silly idealTree +-- arr-flatten@1.0.3
42 silly idealTree +-- array-find-index@1.0.2
42 silly idealTree +-- array-flatten@1.1.1
42 silly idealTree +-- array-union@1.0.2
42 silly idealTree +-- array-uniq@1.0.3
42 silly idealTree +-- array-unique@0.2.1
42 silly idealTree +-- arrify@1.0.1
42 silly idealTree +-- asn1.js@4.9.1
42 silly idealTree +-- asn1@0.2.3
42 silly idealTree +-- assert-plus@0.2.0
42 silly idealTree +-- assert@1.4.1
42 silly idealTree +-- async-each@1.0.1
42 silly idealTree +-- async-foreach@0.1.3
42 silly idealTree +-- async@2.4.0
42 silly idealTree +-- asynckit@0.4.0
42 silly idealTree +-- aws-sign2@0.6.0
42 silly idealTree +-- aws4@1.6.0
42 silly idealTree +-- babel-code-frame@6.22.0
42 silly idealTree +-- babel-eslint@7.2.3
42 silly idealTree +-- babel-messages@6.23.0
42 silly idealTree +-- babel-runtime@6.23.0
42 silly idealTree +-- babel-traverse@6.24.1
42 silly idealTree +-- babel-types@6.24.1
42 silly idealTree +-- babylon@6.17.1
42 silly idealTree +-- balanced-match@0.4.2
42 silly idealTree +-- base64-js@1.2.0
42 silly idealTree +-- batch@0.5.3
42 silly idealTree +-- bcrypt-pbkdf@1.0.1
42 silly idealTree +-- big.js@3.1.3
42 silly idealTree +-- binary-extensions@1.8.0
42 silly idealTree +-- block-stream@0.0.9
42 silly idealTree +-- bluebird@3.5.0
42 silly idealTree +-- bn.js@4.11.6
42 silly idealTree +-- boolbase@1.0.0
42 silly idealTree +-- boom@2.10.1
42 silly idealTree +-- bootstrap@4.0.0-alpha.6
42 silly idealTree +-- boxen@0.6.0
42 silly idealTree +-- brace-expansion@1.1.7
42 silly idealTree +-- braces@1.8.5
42 silly idealTree +-- brorand@1.1.0
42 silly idealTree +-- browserify-aes@1.0.6
42 silly idealTree +-- browserify-cipher@1.0.0
42 silly idealTree +-- browserify-des@1.0.0
42 silly idealTree +-- browserify-rsa@4.0.1
42 silly idealTree +-- browserify-sign@4.0.4
42 silly idealTree +-- browserify-zlib@0.1.4
42 silly idealTree +-- buffer-shims@1.0.0
42 silly idealTree +-- buffer-xor@1.0.3
42 silly idealTree +-- buffer@4.9.1
42 silly idealTree +-- builtin-modules@1.1.1
42 silly idealTree +-- builtin-status-codes@3.0.0
42 silly idealTree +-- bytes@2.3.0
42 silly idealTree +-- caller-path@0.1.0
42 silly idealTree +-- callsites@0.2.0
42 silly idealTree +-- camel-case@3.0.0
42 silly idealTree +-- camelcase-keys@2.1.0
42 silly idealTree +-- camelcase@2.1.1
42 silly idealTree +-- capture-stack-trace@1.0.0
42 silly idealTree +-- caseless@0.12.0
42 silly idealTree +-- center-align@0.1.3
42 silly idealTree +-- chalk@1.1.3
42 silly idealTree +-- chokidar@1.7.0
42 silly idealTree +-- cipher-base@1.0.3
42 silly idealTree +-- circular-json@0.3.1
42 silly idealTree +-- clean-css@4.1.3
42 silly idealTree +-- cli-boxes@1.0.0
42 silly idealTree +-- cli-cursor@1.0.2
42 silly idealTree +-- cli-truncate@0.2.1
42 silly idealTree +-- cli-width@2.1.0
42 silly idealTree +-- cliui@3.2.0
42 silly idealTree +-- clone-deep@0.2.4
42 silly idealTree +-- clone@1.0.2
42 silly idealTree +-- co@4.6.0
42 silly idealTree +-- code-point-at@1.1.0
42 silly idealTree +-- colors@1.1.2
42 silly idealTree +-- columnify@1.5.4
42 silly idealTree +-- combined-stream@1.0.5
42 silly idealTree +-- commander@2.9.0
42 silly idealTree +-- commondir@1.0.1
42 silly idealTree +-- compressible@2.0.10
42 silly idealTree +-- compression@1.6.2
42 silly idealTree | +-- debug@2.2.0
42 silly idealTree | `-- ms@0.7.1
42 silly idealTree +-- concat-map@0.0.1
42 silly idealTree +-- concat-stream@1.6.0
42 silly idealTree +-- configstore@3.1.0
42 silly idealTree +-- connect-history-api-fallback@1.3.0
42 silly idealTree +-- console-browserify@1.1.0
42 silly idealTree +-- console-control-strings@1.1.0
42 silly idealTree +-- constants-browserify@1.0.0
42 silly idealTree +-- content-disposition@0.5.2
42 silly idealTree +-- content-type@1.0.2
42 silly idealTree +-- cookie-signature@1.0.6
42 silly idealTree +-- cookie@0.3.1
42 silly idealTree +-- core-js@2.4.1
42 silly idealTree +-- core-util-is@1.0.2
42 silly idealTree +-- create-ecdh@4.0.0
42 silly idealTree +-- create-error-class@3.0.2
42 silly idealTree +-- create-hash@1.1.3
42 silly idealTree +-- create-hmac@1.1.6
42 silly idealTree +-- cross-env@3.1.3
42 silly idealTree +-- cross-spawn@3.0.1
42 silly idealTree +-- cryptiles@2.0.5
42 silly idealTree +-- crypto-browserify@3.11.0
42 silly idealTree +-- crypto-random-string@1.0.0
42 silly idealTree +-- css-select@1.2.0
42 silly idealTree +-- css-what@2.1.0
42 silly idealTree +-- currently-unhandled@0.4.1
42 silly idealTree +-- d@1.0.0
42 silly idealTree +-- dashdash@1.14.1
42 silly idealTree | `-- assert-plus@1.0.0
42 silly idealTree +-- date-now@0.1.4
42 silly idealTree +-- debug@2.6.8
42 silly idealTree +-- decamelize@1.2.0
42 silly idealTree +-- deep-extend@0.4.2
42 silly idealTree +-- deep-is@0.1.3
42 silly idealTree +-- defaults@1.0.3
42 silly idealTree +-- del@2.2.2
42 silly idealTree +-- delayed-stream@1.0.0
42 silly idealTree +-- delegates@1.0.0
42 silly idealTree +-- depd@1.1.0
42 silly idealTree +-- des.js@1.0.0
42 silly idealTree +-- destroy@1.0.4
42 silly idealTree +-- detect-indent@5.0.0
42 silly idealTree +-- diffie-hellman@5.0.2
42 silly idealTree +-- doctrine@2.0.0
42 silly idealTree +-- dom-converter@0.1.4
42 silly idealTree | `-- utila@0.3.3
42 silly idealTree +-- dom-serializer@0.1.0
42 silly idealTree | `-- domelementtype@1.1.3
42 silly idealTree +-- domain-browser@1.1.7
42 silly idealTree +-- domelementtype@1.3.0
42 silly idealTree +-- domhandler@2.1.0
42 silly idealTree +-- domutils@1.5.1
42 silly idealTree +-- dot-prop@4.1.1
42 silly idealTree +-- duplexer2@0.1.4
42 silly idealTree +-- ecc-jsbn@0.1.1
42 silly idealTree +-- ee-first@1.1.1
42 silly idealTree +-- elegant-spinner@1.0.1
42 silly idealTree +-- elliptic@6.4.0
42 silly idealTree +-- emojis-list@2.1.0
42 silly idealTree +-- encodeurl@1.0.1
42 silly idealTree +-- enhanced-resolve@0.9.1
42 silly idealTree +-- entities@1.1.1
42 silly idealTree +-- errno@0.1.4
42 silly idealTree +-- error-ex@1.3.1
42 silly idealTree +-- es5-ext@0.10.20
42 silly idealTree +-- es6-iterator@2.0.1
42 silly idealTree +-- es6-map@0.1.5
42 silly idealTree +-- es6-set@0.1.5
42 silly idealTree +-- es6-symbol@3.1.1
42 silly idealTree +-- es6-weak-map@2.0.2
42 silly idealTree +-- escape-html@1.0.3
42 silly idealTree +-- escape-string-regexp@1.0.5
42 silly idealTree +-- escope@3.6.0
42 silly idealTree +-- eslint-loader@1.7.1
42 silly idealTree | `-- loader-utils@1.1.0
42 silly idealTree +-- eslint@3.19.0
42 silly idealTree +-- espree@3.4.3
42 silly idealTree +-- esprima@3.1.3
42 silly idealTree +-- esquery@1.0.0
42 silly idealTree +-- esrecurse@4.1.0
42 silly idealTree | `-- estraverse@4.1.1
42 silly idealTree +-- estraverse@4.2.0
42 silly idealTree +-- esutils@2.0.2
42 silly idealTree +-- etag@1.8.0
42 silly idealTree +-- event-emitter@0.3.5
42 silly idealTree +-- eventemitter3@1.2.0
42 silly idealTree +-- events@1.1.1
42 silly idealTree +-- eventsource@0.1.6
42 silly idealTree +-- evp_bytestokey@1.0.0
42 silly idealTree +-- exit-hook@1.1.1
42 silly idealTree +-- expand-brackets@0.1.5
42 silly idealTree +-- expand-range@1.8.2
42 silly idealTree +-- express@4.15.3
42 silly idealTree | `-- debug@2.6.7
42 silly idealTree +-- extend@3.0.1
42 silly idealTree +-- extglob@0.3.2
42 silly idealTree +-- extsprintf@1.0.2
42 silly idealTree +-- fast-levenshtein@2.0.6
42 silly idealTree +-- faye-websocket@0.10.0
42 silly idealTree +-- figures@1.7.0
42 silly idealTree +-- file-entry-cache@2.0.0
42 silly idealTree +-- filename-regex@2.0.1
42 silly idealTree +-- fill-range@2.2.3
42 silly idealTree | `-- isobject@2.1.0
42 silly idealTree +-- filled-array@1.1.0
42 silly idealTree +-- finalhandler@1.0.3
42 silly idealTree | `-- debug@2.6.7
42 silly idealTree +-- find-cache-dir@0.1.1
42 silly idealTree +-- find-up@1.1.2
42 silly idealTree +-- flat-cache@1.2.2
42 silly idealTree +-- for-in@1.0.2
42 silly idealTree +-- for-own@0.1.5
42 silly idealTree +-- forever-agent@0.6.1
42 silly idealTree +-- form-data@2.1.4
42 silly idealTree +-- forwarded@0.1.0
42 silly idealTree +-- fresh@0.5.0
42 silly idealTree +-- fs.realpath@1.0.0
42 silly idealTree +-- fstream@1.0.11
42 silly idealTree +-- function-bind@1.1.0
42 silly idealTree +-- gauge@2.7.4
42 silly idealTree +-- gaze@1.1.2
42 silly idealTree +-- generate-function@2.0.0
42 silly idealTree +-- generate-object-property@1.2.0
42 silly idealTree +-- get-caller-file@1.0.2
42 silly idealTree +-- get-stdin@4.0.1
42 silly idealTree +-- getpass@0.1.7
42 silly idealTree | `-- assert-plus@1.0.0
42 silly idealTree +-- glob-base@0.3.0
42 silly idealTree +-- glob-parent@2.0.0
42 silly idealTree +-- glob@7.1.2
42 silly idealTree +-- globals@9.17.0
42 silly idealTree +-- globby@5.0.0
42 silly idealTree +-- globule@1.1.0
42 silly idealTree | `-- lodash@4.16.6
42 silly idealTree +-- got@5.7.1
42 silly idealTree +-- graceful-fs@4.1.11
42 silly idealTree +-- graceful-readlink@1.0.1
42 silly idealTree +-- har-schema@1.0.5
42 silly idealTree +-- har-validator@4.2.1
42 silly idealTree +-- has-ansi@2.0.0
42 silly idealTree +-- has-flag@1.0.0
42 silly idealTree +-- has-unicode@2.0.1
42 silly idealTree +-- has@1.0.1
42 silly idealTree +-- hash-base@2.0.2
42 silly idealTree +-- hash.js@1.0.3
42 silly idealTree +-- hawk@3.1.3
42 silly idealTree +-- he@1.1.1
42 silly idealTree +-- hmac-drbg@1.0.1
42 silly idealTree +-- hoek@2.16.3
42 silly idealTree +-- hosted-git-info@2.4.2
42 silly idealTree +-- html-minifier@3.5.0
42 silly idealTree +-- html-webpack-plugin@2.24.1
42 silly idealTree +-- htmlparser2@3.3.0
42 silly idealTree | +-- domutils@1.1.6
42 silly idealTree | +-- isarray@0.0.1
42 silly idealTree | +-- readable-stream@1.0.34
42 silly idealTree | `-- string_decoder@0.10.31
42 silly idealTree +-- http-errors@1.6.1
42 silly idealTree +-- http-proxy-agent@1.0.0
42 silly idealTree +-- http-proxy-middleware@0.17.4
42 silly idealTree | +-- is-extglob@2.1.1
42 silly idealTree | `-- is-glob@3.1.0
42 silly idealTree +-- http-proxy@1.16.2
42 silly idealTree +-- http-signature@1.1.1
42 silly idealTree +-- https-browserify@0.0.1
42 silly idealTree +-- https-proxy-agent@1.0.0
42 silly idealTree +-- ieee754@1.1.8
42 silly idealTree +-- ignore@3.3.3
42 silly idealTree +-- imurmurhash@0.1.4
42 silly idealTree +-- in-publish@2.0.0
42 silly idealTree +-- indent-string@2.1.0
42 silly idealTree +-- indexof@0.0.1
42 silly idealTree +-- inflight@1.0.6
42 silly idealTree +-- inherits@2.0.3
42 silly idealTree +-- ini@1.3.4
42 silly idealTree +-- inquirer@0.12.0
42 silly idealTree +-- interpret@1.0.3
42 silly idealTree +-- invariant@2.2.2
42 silly idealTree +-- invert-kv@1.0.0
42 silly idealTree +-- ipaddr.js@1.3.0
42 silly idealTree +-- is-absolute@0.2.6
42 silly idealTree +-- is-arrayish@0.2.1
42 silly idealTree +-- is-binary-path@1.0.1
42 silly idealTree +-- is-buffer@1.1.5
42 silly idealTree +-- is-builtin-module@1.0.0
42 silly idealTree +-- is-dotfile@1.0.2
42 silly idealTree +-- is-equal-shallow@0.1.3
42 silly idealTree +-- is-extendable@0.1.1
42 silly idealTree +-- is-extglob@1.0.0
42 silly idealTree +-- is-finite@1.0.2
42 silly idealTree +-- is-fullwidth-code-point@1.0.0
42 silly idealTree +-- is-glob@2.0.1
42 silly idealTree +-- is-my-json-valid@2.16.0
42 silly idealTree +-- is-npm@1.0.0
42 silly idealTree +-- is-number@2.1.0
42 silly idealTree +-- is-obj@1.0.1
42 silly idealTree +-- is-path-cwd@1.0.0
42 silly idealTree +-- is-path-in-cwd@1.0.0
42 silly idealTree +-- is-path-inside@1.0.0
42 silly idealTree +-- is-plain-obj@1.1.0
42 silly idealTree +-- is-plain-object@2.0.1
42 silly idealTree +-- is-posix-bracket@0.1.1
42 silly idealTree +-- is-primitive@2.0.0
42 silly idealTree +-- is-property@1.0.2
42 silly idealTree +-- is-redirect@1.0.0
42 silly idealTree +-- is-relative@0.2.1
42 silly idealTree +-- is-resolvable@1.0.0
42 silly idealTree +-- is-retry-allowed@1.1.0
42 silly idealTree +-- is-stream@1.1.0
42 silly idealTree +-- is-typedarray@1.0.0
42 silly idealTree +-- is-unc-path@0.1.2
42 silly idealTree +-- is-utf8@0.2.1
42 silly idealTree +-- is-windows@0.2.0
42 silly idealTree +-- isarray@1.0.0
42 silly idealTree +-- isexe@2.0.0
42 silly idealTree +-- isobject@1.0.2
42 silly idealTree +-- isstream@0.1.2
42 silly idealTree +-- jodid25519@1.0.2
42 silly idealTree +-- jquery@3.2.1
42 silly idealTree +-- js-base64@2.1.9
42 silly idealTree +-- js-tokens@3.0.1
42 silly idealTree +-- js-yaml@3.8.4
42 silly idealTree +-- jsbn@0.1.1
42 silly idealTree +-- json-loader@0.5.4
42 silly idealTree +-- json-schema@0.2.3
42 silly idealTree +-- json-stable-stringify@1.0.1
42 silly idealTree +-- json-stringify-safe@5.0.1
42 silly idealTree +-- json3@3.3.2
42 silly idealTree +-- json5@0.5.1
42 silly idealTree +-- jsonify@0.0.0
42 silly idealTree +-- jsonpointer@4.0.1
42 silly idealTree +-- jspm-config@0.3.4
42 silly idealTree +-- jsprim@1.4.0
42 silly idealTree | `-- assert-plus@1.0.0
42 silly idealTree +-- kind-of@3.2.2
42 silly idealTree +-- latest-version@2.0.0
42 silly idealTree +-- lato-font@3.0.0
42 silly idealTree +-- lazy-cache@1.0.4
42 silly idealTree +-- lazy-req@1.1.0
42 silly idealTree +-- lcid@1.0.0
42 silly idealTree +-- levn@0.3.0
42 silly idealTree +-- listify@1.0.0
42 silly idealTree +-- load-json-file@1.1.0
42 silly idealTree | `-- strip-bom@2.0.0
42 silly idealTree +-- loader-fs-cache@1.0.1
42 silly idealTree +-- loader-runner@2.3.0
42 silly idealTree +-- loader-utils@0.2.17
42 silly idealTree +-- lockfile@1.0.3
42 silly idealTree +-- lodash.assign@4.2.0
42 silly idealTree +-- lodash.clonedeep@4.5.0
42 silly idealTree +-- lodash.mergewith@4.6.0
42 silly idealTree +-- lodash.tail@4.1.1
42 silly idealTree +-- lodash@4.17.4
42 silly idealTree +-- log-update@1.0.2
42 silly idealTree +-- longest@1.0.1
42 silly idealTree +-- loose-envify@1.3.1
42 silly idealTree +-- loud-rejection@1.6.0
42 silly idealTree +-- lower-case@1.1.4
42 silly idealTree +-- lowercase-keys@1.0.0
42 silly idealTree +-- lru-cache@4.0.2
42 silly idealTree +-- make-dir@1.0.0
42 silly idealTree +-- make-error-cause@1.2.2
42 silly idealTree +-- make-error@1.2.3
42 silly idealTree +-- map-obj@1.0.1
42 silly idealTree +-- media-typer@0.3.0
42 silly idealTree +-- memory-fs@0.2.0
42 silly idealTree +-- meow@3.7.0
42 silly idealTree | `-- minimist@1.2.0
42 silly idealTree +-- merge-descriptors@1.0.1
42 silly idealTree +-- methods@1.1.2
42 silly idealTree +-- micromatch@2.3.11
42 silly idealTree +-- miller-rabin@4.0.0
42 silly idealTree +-- mime-db@1.27.0
42 silly idealTree +-- mime-types@2.1.15
42 silly idealTree +-- mime@1.3.4
42 silly idealTree +-- minimalistic-assert@1.0.0
42 silly idealTree +-- minimalistic-crypto-utils@1.0.1
42 silly idealTree +-- minimatch@3.0.4
42 silly idealTree +-- minimist@0.0.8
42 silly idealTree +-- mixin-object@2.0.1
42 silly idealTree | `-- for-in@0.1.8
42 silly idealTree +-- mkdirp@0.5.1
42 silly idealTree +-- ms@2.0.0
42 silly idealTree +-- mute-stream@0.0.5
42 silly idealTree +-- nan@2.6.2
42 silly idealTree +-- natural-compare@1.4.0
42 silly idealTree +-- ncname@1.0.0
42 silly idealTree +-- negotiator@0.6.1
42 silly idealTree +-- no-case@2.3.1
42 silly idealTree +-- node-gyp@3.6.1
42 silly idealTree +-- node-libs-browser@2.0.0
42 silly idealTree | `-- string_decoder@0.10.31
42 silly idealTree +-- node-sass@4.5.3
42 silly idealTree +-- node-status-codes@1.0.0
42 silly idealTree +-- nopt@3.0.6
42 silly idealTree +-- normalize-package-data@2.3.8
42 silly idealTree +-- normalize-path@2.1.1
42 silly idealTree +-- normalize.css@7.0.0
42 silly idealTree +-- npmlog@4.1.0
42 silly idealTree +-- nth-check@1.0.1
42 silly idealTree +-- number-is-nan@1.0.1
42 silly idealTree +-- oauth-sign@0.8.2
42 silly idealTree +-- object-assign@4.1.1
42 silly idealTree +-- object-hash@1.1.8
42 silly idealTree +-- object.omit@2.0.1
42 silly idealTree +-- object.pick@1.2.0
42 silly idealTree | `-- isobject@2.1.0
42 silly idealTree +-- on-finished@2.3.0
42 silly idealTree +-- on-headers@1.0.1
42 silly idealTree +-- once@1.4.0
42 silly idealTree +-- onetime@1.1.0
42 silly idealTree +-- open@0.0.5
42 silly idealTree +-- optimist@0.6.1
42 silly idealTree | `-- wordwrap@0.0.3
42 silly idealTree +-- optionator@0.8.2
42 silly idealTree +-- original@1.0.0
42 silly idealTree | `-- url-parse@1.0.5
42 silly idealTree +-- os-browserify@0.2.1
42 silly idealTree +-- os-homedir@1.0.2
42 silly idealTree +-- os-locale@1.4.0
42 silly idealTree +-- os-tmpdir@1.0.2
42 silly idealTree +-- osenv@0.1.4
42 silly idealTree +-- package-json@2.4.0
42 silly idealTree +-- pako@0.2.9
42 silly idealTree +-- param-case@2.1.1
42 silly idealTree +-- parse-asn1@5.1.0
42 silly idealTree +-- parse-glob@3.0.4
42 silly idealTree +-- parse-json@2.2.0
42 silly idealTree +-- parseurl@1.3.1
42 silly idealTree +-- path-browserify@0.0.0
42 silly idealTree +-- path-exists@2.1.0
42 silly idealTree +-- path-is-absolute@1.0.1
42 silly idealTree +-- path-is-inside@1.0.2
42 silly idealTree +-- path-parse@1.0.5
42 silly idealTree +-- path-to-regexp@0.1.7
42 silly idealTree +-- path-type@1.1.0
42 silly idealTree +-- pbkdf2@3.0.12
42 silly idealTree +-- performance-now@0.2.0
42 silly idealTree +-- pify@2.3.0
42 silly idealTree +-- pinkie-promise@2.0.1
42 silly idealTree +-- pinkie@2.0.4
42 silly idealTree +-- pkg-dir@1.0.0
42 silly idealTree +-- pluralize@1.2.1
42 silly idealTree +-- popsicle-proxy-agent@3.0.0
42 silly idealTree +-- popsicle-retry@3.2.1
42 silly idealTree +-- popsicle-rewrite@1.0.0
42 silly idealTree +-- popsicle-status@2.0.0
42 silly idealTree +-- popsicle@9.1.0
42 silly idealTree +-- prelude-ls@1.1.2
42 silly idealTree +-- prepend-http@1.0.4
42 silly idealTree +-- preserve@0.2.0
42 silly idealTree +-- pretty-error@2.1.0
42 silly idealTree +-- process-nextick-args@1.0.7
42 silly idealTree +-- process@0.11.10
42 silly idealTree +-- progress@1.1.8
42 silly idealTree +-- promise-finally@2.2.1
42 silly idealTree +-- proxy-addr@1.1.4
42 silly idealTree +-- prr@0.0.0
42 silly idealTree +-- pseudomap@1.0.2
42 silly idealTree +-- public-encrypt@4.0.0
42 silly idealTree +-- punycode@1.4.1
42 silly idealTree +-- qs@6.4.0
42 silly idealTree +-- querystring-es3@0.2.1
42 silly idealTree +-- querystring@0.2.0
42 silly idealTree +-- querystringify@0.0.4
42 silly idealTree +-- randomatic@1.1.6
42 silly idealTree +-- randombytes@2.0.3
42 silly idealTree +-- range-parser@1.2.0
42 silly idealTree +-- raw-loader@0.5.1
42 silly idealTree +-- rc@1.2.1
42 silly idealTree | `-- minimist@1.2.0
42 silly idealTree +-- read-all-stream@3.1.0
42 silly idealTree +-- read-pkg-up@1.0.1
42 silly idealTree +-- read-pkg@1.1.0
42 silly idealTree +-- readable-stream@2.2.9
42 silly idealTree +-- readdirp@2.1.0
42 silly idealTree +-- readline2@1.0.1
42 silly idealTree +-- rechoir@0.6.2
42 silly idealTree +-- redent@1.0.0
42 silly idealTree +-- regenerator-runtime@0.10.5
42 silly idealTree +-- regex-cache@0.4.3
42 silly idealTree +-- registry-auth-token@3.3.1
42 silly idealTree +-- registry-url@3.1.0
42 silly idealTree +-- relateurl@0.2.7
42 silly idealTree +-- remove-trailing-separator@1.0.1
42 silly idealTree +-- renderkid@2.0.1
42 silly idealTree | `-- utila@0.3.3
42 silly idealTree +-- repeat-element@1.1.2
42 silly idealTree +-- repeat-string@1.6.1
42 silly idealTree +-- repeating@2.0.1
42 silly idealTree +-- request@2.81.0
42 silly idealTree +-- require-directory@2.1.1
42 silly idealTree +-- require-main-filename@1.0.1
42 silly idealTree +-- require-uncached@1.0.3
42 silly idealTree +-- requires-port@1.0.0
42 silly idealTree +-- resolve-from@1.0.1
42 silly idealTree +-- resolve@1.3.3
42 silly idealTree +-- restore-cursor@1.0.1
42 silly idealTree +-- right-align@0.1.3
42 silly idealTree +-- rimraf@2.6.1
42 silly idealTree +-- ripemd160@2.0.1
42 silly idealTree +-- run-async@0.1.0
42 silly idealTree +-- rx-lite@3.1.2
42 silly idealTree +-- rxjs@5.0.0-rc.4
42 silly idealTree +-- safe-buffer@5.0.1
42 silly idealTree +-- sass-graph@2.2.4
42 silly idealTree +-- sass-loader@6.0.5
42 silly idealTree | `-- loader-utils@1.1.0
42 silly idealTree +-- sass-resources-loader@1.2.1
42 silly idealTree | `-- loader-utils@1.1.0
42 silly idealTree +-- scss-tokenizer@0.2.3
42 silly idealTree | `-- source-map@0.4.4
42 silly idealTree +-- semver-diff@2.1.0
42 silly idealTree +-- semver@5.3.0
42 silly idealTree +-- send@0.15.3
42 silly idealTree | `-- debug@2.6.7
42 silly idealTree +-- serve-index@1.8.0
42 silly idealTree | +-- debug@2.2.0
42 silly idealTree | +-- http-errors@1.5.1
42 silly idealTree | +-- ms@0.7.1
42 silly idealTree | `-- setprototypeof@1.0.2
42 silly idealTree +-- serve-static@1.12.3
42 silly idealTree +-- set-blocking@2.0.0
42 silly idealTree +-- set-immediate-shim@1.0.1
42 silly idealTree +-- setimmediate@1.0.5
42 silly idealTree +-- setprototypeof@1.0.3
42 silly idealTree +-- sha.js@2.4.8
42 silly idealTree +-- shallow-clone@0.1.2
42 silly idealTree | +-- kind-of@2.0.1
42 silly idealTree | `-- lazy-cache@0.2.7
42 silly idealTree +-- shelljs@0.7.7
42 silly idealTree +-- signal-exit@3.0.2
42 silly idealTree +-- slice-ansi@0.0.4
42 silly idealTree +-- slide@1.1.6
42 silly idealTree +-- sntp@1.0.9
42 silly idealTree +-- sockjs-client@1.1.4
42 silly idealTree | `-- faye-websocket@0.11.1
42 silly idealTree +-- sockjs@0.3.18
42 silly idealTree | `-- uuid@2.0.3
42 silly idealTree +-- sort-keys@1.1.2
42 silly idealTree +-- source-list-map@1.1.2
42 silly idealTree +-- source-map@0.5.6
42 silly idealTree +-- spdx-correct@1.0.2
42 silly idealTree +-- spdx-expression-parse@1.0.4
42 silly idealTree +-- spdx-license-ids@1.2.2
42 silly idealTree +-- sprintf-js@1.0.3
42 silly idealTree +-- sshpk@1.13.0
42 silly idealTree | `-- assert-plus@1.0.0
42 silly idealTree +-- statuses@1.3.1
42 silly idealTree +-- stdout-stream@1.4.0
42 silly idealTree +-- stream-browserify@2.0.1
42 silly idealTree +-- stream-cache@0.0.2
42 silly idealTree +-- stream-http@2.7.1
42 silly idealTree +-- string_decoder@1.0.1
42 silly idealTree +-- string-template@1.0.0
42 silly idealTree +-- string-width@1.0.2
42 silly idealTree +-- stringstream@0.0.5
42 silly idealTree +-- strip-ansi@3.0.1
42 silly idealTree +-- strip-bom@3.0.0
42 silly idealTree +-- strip-indent@1.0.1
42 silly idealTree +-- strip-json-comments@2.0.1
42 silly idealTree +-- style-loader@0.17.0
42 silly idealTree | `-- loader-utils@1.1.0
42 silly idealTree +-- supports-color@2.0.0
42 silly idealTree +-- symbol-observable@1.0.4
42 silly idealTree +-- table@3.8.3
42 silly idealTree | +-- is-fullwidth-code-point@2.0.0
42 silly idealTree | `-- string-width@2.0.0
42 silly idealTree +-- tapable@0.1.10
42 silly idealTree +-- tar@2.2.1
42 silly idealTree +-- tether@1.4.0
42 silly idealTree +-- text-table@0.2.0
42 silly idealTree +-- thenify@3.3.0
42 silly idealTree +-- throat@3.0.0
42 silly idealTree +-- through@2.3.8
42 silly idealTree +-- timed-out@3.1.3
42 silly idealTree +-- timers-browserify@2.0.2
42 silly idealTree +-- to-arraybuffer@1.0.1
42 silly idealTree +-- to-fast-properties@1.0.3
42 silly idealTree +-- to-string-loader@1.1.5
42 silly idealTree +-- toposort@1.0.3
42 silly idealTree +-- touch@1.0.0
42 silly idealTree | `-- nopt@1.0.10
42 silly idealTree +-- tough-cookie@2.3.2
42 silly idealTree +-- trim-newlines@1.0.0
42 silly idealTree +-- tryit@1.0.3
42 silly idealTree +-- ts-loader@1.3.0
42 silly idealTree +-- tty-browserify@0.0.0
42 silly idealTree +-- tunnel-agent@0.6.0
42 silly idealTree +-- tweetnacl@0.14.5
42 silly idealTree +-- type-check@0.3.2
42 silly idealTree +-- type-is@1.6.15
42 silly idealTree +-- typedarray@0.0.6
42 silly idealTree +-- typescript@2.1.4
42 silly idealTree +-- typings-core@2.3.3
42 silly idealTree | `-- promise-finally@3.0.0
42 silly idealTree +-- typings@2.0.0
42 silly idealTree | `-- minimist@1.2.0
42 silly idealTree +-- uglify-js@3.0.9
42 silly idealTree +-- uglify-loader@2.0.0
42 silly idealTree | `-- loader-utils@1.1.0
42 silly idealTree +-- uglify-to-browserify@1.0.2
42 silly idealTree +-- unc-path-regex@0.1.2
42 silly idealTree +-- unique-string@1.0.0
42 silly idealTree +-- unpipe@1.0.0
42 silly idealTree +-- unzip-response@1.0.2
42 silly idealTree +-- update-notifier@1.0.3
42 silly idealTree | +-- configstore@2.1.0
42 silly idealTree | +-- dot-prop@3.0.0
42 silly idealTree | +-- uuid@2.0.3
42 silly idealTree | +-- write-file-atomic@1.3.4
42 silly idealTree | `-- xdg-basedir@2.0.0
42 silly idealTree +-- upper-case@1.1.3
42 silly idealTree +-- url-parse-lax@1.0.0
42 silly idealTree +-- url-parse@1.1.9
42 silly idealTree | `-- querystringify@1.0.0
42 silly idealTree +-- url@0.11.0
42 silly idealTree | `-- punycode@1.3.2
42 silly idealTree +-- user-home@2.0.0
42 silly idealTree +-- util-deprecate@1.0.2
42 silly idealTree +-- util@0.10.3
42 silly idealTree | `-- inherits@2.0.1
42 silly idealTree +-- utila@0.4.0
42 silly idealTree +-- utils-merge@1.0.0
42 silly idealTree +-- uuid@3.0.1
42 silly idealTree +-- validate-npm-package-license@3.0.1
42 silly idealTree +-- vary@1.1.1
42 silly idealTree +-- verror@1.3.6
42 silly idealTree +-- vm-browserify@0.0.4
42 silly idealTree +-- watchpack@1.3.1
42 silly idealTree +-- wcwidth@1.0.1
42 silly idealTree +-- webpack-dev-middleware@1.10.2
42 silly idealTree | `-- memory-fs@0.4.1
42 silly idealTree +-- webpack-dev-server@1.16.2
42 silly idealTree | `-- supports-color@3.2.3
42 silly idealTree +-- webpack-sources@0.2.3
42 silly idealTree +-- webpack@2.5.1
42 silly idealTree | +-- camelcase@1.2.1
42 silly idealTree | +-- cliui@2.1.0
42 silly idealTree | +-- enhanced-resolve@3.1.0
42 silly idealTree | +-- memory-fs@0.4.1
42 silly idealTree | +-- supports-color@3.2.3
42 silly idealTree | +-- tapable@0.2.6
42 silly idealTree | +-- uglify-js@2.8.27
42 silly idealTree | | `-- yargs@3.10.0
42 silly idealTree | +-- wordwrap@0.0.2
42 silly idealTree | +-- yargs-parser@4.2.1
42 silly idealTree | | `-- camelcase@3.0.0
42 silly idealTree | `-- yargs@6.6.0
42 silly idealTree |   +-- camelcase@3.0.0
42 silly idealTree |   `-- cliui@3.2.0
42 silly idealTree +-- websocket-driver@0.6.5
42 silly idealTree +-- websocket-extensions@0.1.1
42 silly idealTree +-- which-module@1.0.0
42 silly idealTree +-- which@1.2.14
42 silly idealTree +-- wide-align@1.1.2
42 silly idealTree +-- widest-line@1.0.0
42 silly idealTree +-- window-size@0.1.0
42 silly idealTree +-- wordwrap@1.0.0
42 silly idealTree +-- wrap-ansi@2.1.0
42 silly idealTree +-- wrappy@1.0.2
42 silly idealTree +-- write-file-atomic@2.1.0
42 silly idealTree +-- write@0.2.1
42 silly idealTree +-- xdg-basedir@3.0.0
42 silly idealTree +-- xml-char-classes@1.0.0
42 silly idealTree +-- xtend@4.0.1
42 silly idealTree +-- y18n@3.2.1
42 silly idealTree +-- yallist@2.1.2
42 silly idealTree +-- yargs-parser@5.0.0
42 silly idealTree | `-- camelcase@3.0.0
42 silly idealTree +-- yargs@7.1.0
42 silly idealTree | `-- camelcase@3.0.0
42 silly idealTree +-- zip-object@0.1.0
42 silly idealTree `-- zone.js@0.7.2
43 silly generateActionsToTake Starting
44 silly install generateActionsToTake
45 silly generateActionsToTake Finishing
46 silly diffTrees action count 0
47 silly decomposeActions action count 0
48 silly runTopLevelLifecycles Starting
49 silly install runPreinstallTopLevelLifecycles
50 silly preinstall newsfeed-system@0.3.0 C:\Users\Malwina\Desktop\Git\PSIM\newsfeed-system\newsfeed-system-3c8b3929
51 info lifecycle newsfeed-system@0.3.0~preinstall: newsfeed-system@0.3.0
52 silly lifecycle newsfeed-system@0.3.0~preinstall: no script for preinstall, continuing
53 silly executeActions Starting
54 silly install executeActions
55 silly doSerial global-install 0
56 silly doParallel fetch 0
57 verbose correctMkdir C:\Users\Malwina\AppData\Roaming\npm-cache\_locks correctMkdir not in flight; initializing
58 verbose lock using C:\Users\Malwina\AppData\Roaming\npm-cache\_locks\staging-93cb9f713fa7abc4.lock for C:\Users\Malwina\Desktop\Git\PSIM\newsfeed-system\node_modules\.staging
59 silly doParallel extract 0
60 silly doParallel preinstall 0
61 silly doReverseSerial remove 0
62 silly doSerial move 0
63 silly doSerial finalize 0
64 silly doSerial build 0
65 silly doSerial global-link 0
66 silly doParallel update-linked 0
67 silly doSerial install 0
68 silly doSerial postinstall 0
69 verbose unlock done using C:\Users\Malwina\AppData\Roaming\npm-cache\_locks\staging-93cb9f713fa7abc4.lock for C:\Users\Malwina\Desktop\Git\PSIM\newsfeed-system\node_modules\.staging
70 silly executeActions Finishing
71 silly rollbackFailedOptional Starting
72 silly rollbackFailedOptional Finishing
73 silly install runPostinstallTopLevelLifecycles
74 silly build newsfeed-system@0.3.0
75 info linkStuff newsfeed-system@0.3.0
76 silly linkStuff newsfeed-system@0.3.0 has C:\Users\Malwina\Desktop\Git\PSIM as its parent node_modules
77 verbose linkBins newsfeed-system@0.3.0
78 verbose linkMans newsfeed-system@0.3.0
79 silly install newsfeed-system@0.3.0 C:\Users\Malwina\Desktop\Git\PSIM\newsfeed-system\newsfeed-system-3c8b3929
80 info lifecycle newsfeed-system@0.3.0~install: newsfeed-system@0.3.0
81 silly lifecycle newsfeed-system@0.3.0~install: no script for install, continuing
82 silly postinstall newsfeed-system@0.3.0 C:\Users\Malwina\Desktop\Git\PSIM\newsfeed-system\newsfeed-system-3c8b3929
83 info lifecycle newsfeed-system@0.3.0~postinstall: newsfeed-system@0.3.0
84 verbose lifecycle newsfeed-system@0.3.0~postinstall: unsafe-perm in lifecycle true
85 verbose lifecycle newsfeed-system@0.3.0~postinstall: PATH: C:\Program Files\nodejs\node_modules\npm\bin\node-gyp-bin;C:\Users\Malwina\Desktop\Git\PSIM\newsfeed-system\node_modules\.bin;C:\Users\Malwina\bin;C:\Program Files\Git\mingw64\bin;C:\Program Files\Git\usr\local\bin;C:\Program Files\Git\usr\bin;C:\Program Files\Git\usr\bin;C:\Program Files\Git\mingw64\bin;C:\Program Files\Git\usr\bin;C:\Users\Malwina\bin;C:\Ruby23-x64\bin;C:\Windows\system32;C:\Windows;C:\Windows\System32\Wbem;C:\Windows\System32\WindowsPowerShell\v1.0;C:\Program Files\VDownloader;C:\Program Files (x86)\Brackets\command;C:\Program Files\nodejs;C:\ProgramData\Anaconda3;C:\ProgramData\Anaconda3\Scripts;C:\ProgramData\Anaconda3\Library\bin;C:\Users\Malwina\AppData\Local\Programs\Python\Python36\Scripts;C:\Users\Malwina\AppData\Local\Programs\Python\Python36;C:\Users\Malwina\AppData\Roaming\npm;C:\Program Files\Git\usr\bin\vendor_perl;C:\Program Files\Git\usr\bin\core_perl
86 verbose lifecycle newsfeed-system@0.3.0~postinstall: CWD: C:\Users\Malwina\Desktop\Git\PSIM\newsfeed-system
87 silly lifecycle newsfeed-system@0.3.0~postinstall: Args: [ '/d /s /c', 'typings install && webpack' ]
88 silly lifecycle newsfeed-system@0.3.0~postinstall: Returned: code: 2  signal: null
89 info lifecycle newsfeed-system@0.3.0~postinstall: Failed to exec postinstall script
90 warn optional SKIPPING OPTIONAL DEPENDENCY: fsevents@^1.0.0 (node_modules\chokidar\node_modules\fsevents):
91 warn notsup SKIPPING OPTIONAL DEPENDENCY: Unsupported platform for fsevents@1.1.1: wanted {"os":"darwin","arch":"any"} (current: {"os":"win32","arch":"x64"})
92 verbose notsup SKIPPING OPTIONAL DEPENDENCY: Valid OS:    darwin
92 verbose notsup SKIPPING OPTIONAL DEPENDENCY: Valid Arch:  any
92 verbose notsup SKIPPING OPTIONAL DEPENDENCY: Actual OS:   win32
92 verbose notsup SKIPPING OPTIONAL DEPENDENCY: Actual Arch: x64
93 warn uglify-loader@2.0.0 requires a peer of uglify-js@^2.4.16 but none was installed.
94 verbose If you need help, you may report this error at:
94 verbose     <https://github.com/npm/npm/issues>
95 verbose stack Error: newsfeed-system@0.3.0 postinstall: `typings install && webpack`
95 verbose stack Exit status 2
95 verbose stack     at EventEmitter.<anonymous> (C:\Program Files\nodejs\node_modules\npm\lib\utils\lifecycle.js:255:16)
95 verbose stack     at emitTwo (events.js:106:13)
95 verbose stack     at EventEmitter.emit (events.js:191:7)
95 verbose stack     at ChildProcess.<anonymous> (C:\Program Files\nodejs\node_modules\npm\lib\utils\spawn.js:40:14)
95 verbose stack     at emitTwo (events.js:106:13)
95 verbose stack     at ChildProcess.emit (events.js:191:7)
95 verbose stack     at maybeClose (internal/child_process.js:886:16)
95 verbose stack     at Process.ChildProcess._handle.onexit (internal/child_process.js:226:5)
96 verbose pkgid newsfeed-system@0.3.0
97 verbose cwd C:\Users\Malwina\Desktop\Git\PSIM\newsfeed-system
98 error Windows_NT 6.1.7601
99 error argv "C:\\Program Files\\nodejs\\node.exe" "C:\\Program Files\\nodejs\\node_modules\\npm\\bin\\npm-cli.js" "install"
100 error node v6.10.1
101 error npm  v3.10.10
102 error code ELIFECYCLE
103 error newsfeed-system@0.3.0 postinstall: `typings install && webpack`
103 error Exit status 2
104 error Failed at the newsfeed-system@0.3.0 postinstall script 'typings install && webpack'.
104 error Make sure you have the latest version of node.js and npm installed.
104 error If you do, this is most likely a problem with the newsfeed-system package,
104 error not with npm itself.
104 error Tell the author that this fails on your system:
104 error     typings install && webpack
104 error You can get information on how to open an issue for this project with:
104 error     npm bugs newsfeed-system
104 error Or if that isn't available, you can get their info via:
104 error     npm owner ls newsfeed-system
104 error There is likely additional logging output above.
105 verbose exit [ 1, true ]
